<?xml version="1.0" encoding="UTF-8"?>
<!-- Generated by org.testng.reporters.JUnitReportReporter -->
<testsuite skipped="0" hostname="IN-FVFYW045HV29.local" name="tests.HomeTest" tests="1" failures="0" timestamp="2022-06-06T23:25:33 IST" time="0.498" errors="0">
  <testcase name="verifyCategoriesText" time="0.498" classname="tests.HomeTest"/>
  <system-out/>
</testsuite> <!-- tests.HomeTest -->
