<?xml version="1.0" encoding="UTF-8"?>
<!-- Generated by org.testng.reporters.JUnitReportReporter -->
<testsuite skipped="0" hostname="IN-FVFYW045HV29.local" name="tests.SignInTest" tests="2" failures="0" timestamp="2022-06-06T23:25:33 IST" time="7.147" errors="0">
  <testcase name="verifySignIn" time="3.365" classname="tests.SignInTest"/>
  <system-out/>
  <testcase name="verifySignIn" time="3.782" classname="tests.SignInTest"/>
  <system-out/>
</testsuite> <!-- tests.SignInTest -->
